<?xml version="1.0" encoding="UTF-8"?>
<Site BuildName="(empty)"
	BuildStamp="20231013-0043-Experimental"
	Name="main"
	Generator="ctest-3.22.1"
	CompilerName="/usr/bin/c++"
	CompilerVersion="11.4.0"
	OSName="Linux"
	Hostname="main"
	OSRelease="5.15.0-86-generic"
	OSVersion="#96-Ubuntu SMP Wed Sep 20 08:23:49 UTC 2023"
	OSPlatform="x86_64"
	Is64Bits="1"
	VendorString="GenuineIntel"
	VendorID="Intel Corporation"
	FamilyID="6"
	ModelID="151"
	ProcessorCacheSize="30720"
	NumberOfLogicalCPU="24"
	NumberOfPhysicalCPU="16"
	TotalVirtualMemory="2047"
	TotalPhysicalMemory="31830"
	LogicalProcessorsPerPhysical="1"
	ProcessorClockFrequency="4900"
	>
	<Testing>
		<StartDateTime>Oct 12 20:43 EDT</StartDateTime>
		<StartTestTime>1697157794</StartTestTime>
		<TestList/>
		<EndDateTime>Oct 12 20:43 EDT</EndDateTime>
		<EndTestTime>1697157794</EndTestTime>
		<ElapsedMinutes>0</ElapsedMinutes>
	</Testing>
</Site>
